<?xml version="1.0" encoding="UTF-8"?>
<!-- Generated by org.testng.reporters.JUnitReportReporter -->
<testsuite hostname="DESKTOP-LGHD715" failures="0" tests="1" name="com.Surveymonkey.testCases.verifySignupfreeButton" time="1.283" errors="0" timestamp="6 Aug 2022 19:20:35 GMT">
  <testcase classname="com.Surveymonkey.testCases.verifySignupfreeButton" name="signupfreebuttonTest" time="1.283"/>
</testsuite> <!-- com.Surveymonkey.testCases.verifySignupfreeButton -->
